frontend/android-studio-app/app/build/intermediates/manifest_merge_blame_file/debug/processDebugMainManifest/manifest-merger-blame-debug-report.txt
1<?xml version="1.0" encoding="utf-8"?>
2<manifest xmlns:android="http://schemas.android.com/apk/res/android"
3    package="com.tradeagently.act_app"
4    android:versionCode="2"
5    android:versionName="2.0" >
6
7    <uses-sdk
8        android:minSdkVersion="24"
9        android:targetSdkVersion="34" />
10
11    <!-- Add Internet permission -->
12    <uses-permission android:name="android.permission.INTERNET" />
12-->src/main/AndroidManifest.xml:5:5-67
12-->src/main/AndroidManifest.xml:5:22-64
13
14    <!-- See https://developer.android.com/training/package-visibility/declaring for more details. -->
15    <queries>
15-->[com.stripe:payments-core:21.2.0] AndroidManifest.xml:8:5-12:15
16
17        <!-- Added to check if Chrome is installed for browser-based payment authentication (e.g. 3DS1). -->
18        <package android:name="com.android.chrome" />
18-->[com.stripe:payments-core:21.2.0] AndroidManifest.xml:11:9-54
18-->[com.stripe:payments-core:21.2.0] AndroidManifest.xml:11:18-51
19        <!-- Needs to be explicitly declared on Android R+ -->
20        <package android:name="com.google.android.apps.maps" />
20-->[com.google.android.gms:play-services-maps:18.0.2] AndroidManifest.xml:33:9-64
20-->[com.google.android.gms:play-services-maps:18.0.2] AndroidManifest.xml:33:18-61
21    </queries>
22
23    <uses-permission android:name="android.permission.ACCESS_NETWORK_STATE" />
23-->[com.google.firebase:firebase-auth:22.1.1] AndroidManifest.xml:26:5-79
23-->[com.google.firebase:firebase-auth:22.1.1] AndroidManifest.xml:26:22-76
24
25    <uses-feature
25-->[com.google.android.gms:play-services-maps:18.0.2] AndroidManifest.xml:26:5-28:35
26        android:glEsVersion="0x00020000"
26-->[com.google.android.gms:play-services-maps:18.0.2] AndroidManifest.xml:27:9-41
27        android:required="true" />
27-->[com.google.android.gms:play-services-maps:18.0.2] AndroidManifest.xml:28:9-32
28
29    <permission
29-->[androidx.core:core:1.13.1] AndroidManifest.xml:22:5-24:47
30        android:name="com.tradeagently.act_app.DYNAMIC_RECEIVER_NOT_EXPORTED_PERMISSION"
30-->[androidx.core:core:1.13.1] AndroidManifest.xml:23:9-81
31        android:protectionLevel="signature" />
31-->[androidx.core:core:1.13.1] AndroidManifest.xml:24:9-44
32
33    <uses-permission android:name="com.tradeagently.act_app.DYNAMIC_RECEIVER_NOT_EXPORTED_PERMISSION" />
33-->[androidx.core:core:1.13.1] AndroidManifest.xml:26:5-97
33-->[androidx.core:core:1.13.1] AndroidManifest.xml:26:22-94
34
35    <application
35-->src/main/AndroidManifest.xml:7:5-115:19
36        android:allowBackup="true"
36-->src/main/AndroidManifest.xml:8:9-35
37        android:appComponentFactory="androidx.core.app.CoreComponentFactory"
37-->[androidx.core:core:1.13.1] AndroidManifest.xml:28:18-86
38        android:debuggable="true"
39        android:extractNativeLibs="false"
40        android:icon="@mipmap/ic_launcher"
40-->src/main/AndroidManifest.xml:9:9-43
41        android:label="@string/app_name"
41-->src/main/AndroidManifest.xml:10:9-41
42        android:roundIcon="@mipmap/ic_launcher_round"
42-->src/main/AndroidManifest.xml:11:9-54
43        android:supportsRtl="true"
43-->src/main/AndroidManifest.xml:12:9-35
44        android:testOnly="true"
45        android:theme="@style/Theme.AppCompat.Light.NoActionBar" >
45-->src/main/AndroidManifest.xml:13:9-65
46
47        <!-- Main Activity (launcher activity) -->
48        <activity
48-->src/main/AndroidManifest.xml:16:9-23:20
49            android:name="com.tradeagently.act_app.MainActivity"
49-->src/main/AndroidManifest.xml:17:13-41
50            android:exported="true" >
50-->src/main/AndroidManifest.xml:18:13-36
51            <intent-filter>
51-->src/main/AndroidManifest.xml:19:13-22:29
52                <action android:name="android.intent.action.MAIN" />
52-->src/main/AndroidManifest.xml:20:17-69
52-->src/main/AndroidManifest.xml:20:25-66
53
54                <category android:name="android.intent.category.LAUNCHER" />
54-->src/main/AndroidManifest.xml:21:17-77
54-->src/main/AndroidManifest.xml:21:27-74
55            </intent-filter>
56        </activity>
57
58        <!-- Login Activity -->
59        <activity
59-->src/main/AndroidManifest.xml:26:9-28:40
60            android:name="com.tradeagently.act_app.LoginActivity"
60-->src/main/AndroidManifest.xml:27:13-42
61            android:exported="false" /> <!-- Internal activity -->
61-->src/main/AndroidManifest.xml:28:13-37
62
63
64        <!-- Register Activity -->
65        <activity
65-->src/main/AndroidManifest.xml:31:9-33:40
66            android:name="com.tradeagently.act_app.RegisterActivity"
66-->src/main/AndroidManifest.xml:32:13-45
67            android:exported="false" /> <!-- Internal activity -->
67-->src/main/AndroidManifest.xml:33:13-37
68
69
70        <!-- My Assets Activity -->
71        <activity
71-->src/main/AndroidManifest.xml:36:9-38:40
72            android:name="com.tradeagently.act_app.MyAssetsActivity"
72-->src/main/AndroidManifest.xml:37:13-45
73            android:exported="false" /> <!-- Internal activity -->
73-->src/main/AndroidManifest.xml:38:13-37
74
75
76        <!-- Market Activity -->
77        <activity
77-->src/main/AndroidManifest.xml:41:9-43:40
78            android:name="com.tradeagently.act_app.MarketActivity"
78-->src/main/AndroidManifest.xml:42:13-43
79            android:exported="false" /> <!-- Internal activity -->
79-->src/main/AndroidManifest.xml:43:13-37
80
81
82        <!-- Menu Activity -->
83        <activity
83-->src/main/AndroidManifest.xml:46:9-48:40
84            android:name="com.tradeagently.act_app.MenuActivity"
84-->src/main/AndroidManifest.xml:47:13-41
85            android:exported="false" /> <!-- Internal activity -->
85-->src/main/AndroidManifest.xml:48:13-37
86
87
88        <!-- Profile Activity -->
89        <activity
89-->src/main/AndroidManifest.xml:51:9-53:40
90            android:name="com.tradeagently.act_app.ProfileActivity"
90-->src/main/AndroidManifest.xml:52:13-44
91            android:exported="false" /> <!-- Internal activity -->
91-->src/main/AndroidManifest.xml:53:13-37
92
93
94        <!-- Review Page Activity -->
95        <activity
95-->src/main/AndroidManifest.xml:56:9-58:40
96            android:name="com.tradeagently.act_app.ReviewPageActivity"
96-->src/main/AndroidManifest.xml:57:13-47
97            android:exported="false" /> <!-- Internal activity -->
97-->src/main/AndroidManifest.xml:58:13-37
98
99
100        <!-- Support Page Activity -->
101        <activity
101-->src/main/AndroidManifest.xml:61:9-63:40
102            android:name="com.tradeagently.act_app.SupportPageActivity"
102-->src/main/AndroidManifest.xml:62:13-48
103            android:exported="false" /> <!-- Internal activity -->
103-->src/main/AndroidManifest.xml:63:13-37
104
105
106        <!-- Client Management Page Activity -->
107        <activity
107-->src/main/AndroidManifest.xml:66:9-68:40
108            android:name="com.tradeagently.act_app.ClientManagementActivity"
108-->src/main/AndroidManifest.xml:67:13-53
109            android:exported="false" /> <!-- Internal activity -->
109-->src/main/AndroidManifest.xml:68:13-37
110
111
112        <!-- Admin Tools Activity -->
113        <activity
113-->src/main/AndroidManifest.xml:71:9-73:40
114            android:name="com.tradeagently.act_app.AdminToolsActivity"
114-->src/main/AndroidManifest.xml:72:13-47
115            android:exported="false" /> <!-- Internal activity -->
115-->src/main/AndroidManifest.xml:73:13-37
116
117
118        <!-- Stock Profile Activity -->
119        <activity
119-->src/main/AndroidManifest.xml:76:9-78:40
120            android:name="com.tradeagently.act_app.StockProfileActivity"
120-->src/main/AndroidManifest.xml:77:13-49
121            android:exported="false" /> <!-- Internal activity -->
121-->src/main/AndroidManifest.xml:78:13-37
122
123
124        <!-- Crypto Profile Activity -->
125        <activity
125-->src/main/AndroidManifest.xml:81:9-83:40
126            android:name="com.tradeagently.act_app.CryptoProfileActivity"
126-->src/main/AndroidManifest.xml:82:13-50
127            android:exported="false" /> <!-- Internal activity -->
127-->src/main/AndroidManifest.xml:83:13-37
128
129
130        <!-- Stock Profile Activity -->
131        <activity
131-->src/main/AndroidManifest.xml:86:9-88:40
132            android:name="com.tradeagently.act_app.TicketDetailsActivity"
132-->src/main/AndroidManifest.xml:87:13-50
133            android:exported="false" /> <!-- Internal activity -->
133-->src/main/AndroidManifest.xml:88:13-37
134
135
136        <!-- Stock Profile Activity -->
137        <activity
137-->src/main/AndroidManifest.xml:91:9-93:40
138            android:name="com.tradeagently.act_app.ReviewDetailsActivity"
138-->src/main/AndroidManifest.xml:92:13-50
139            android:exported="false" /> <!-- Internal activity -->
139-->src/main/AndroidManifest.xml:93:13-37
140
141
142        <!-- Add Balance Activity -->
143        <activity
143-->src/main/AndroidManifest.xml:96:9-98:40
144            android:name="com.tradeagently.act_app.AddBalanceActivity"
144-->src/main/AndroidManifest.xml:97:13-47
145            android:exported="false" /> <!-- Internal activity -->
145-->src/main/AndroidManifest.xml:98:13-37
146
147
148        <!-- Client Profile Activity -->
149        <activity
149-->src/main/AndroidManifest.xml:101:9-103:40
150            android:name="com.tradeagently.act_app.ClientProfileActivity"
150-->src/main/AndroidManifest.xml:102:13-50
151            android:exported="false" /> <!-- Internal activity -->
151-->src/main/AndroidManifest.xml:103:13-37
152
153
154        <!-- Price Alerts Activity -->
155        <activity
155-->src/main/AndroidManifest.xml:106:9-108:40
156            android:name="com.tradeagently.act_app.PriceAlertsActivity"
156-->src/main/AndroidManifest.xml:107:13-48
157            android:exported="false" /> <!-- Internal activity -->
157-->src/main/AndroidManifest.xml:108:13-37
158
159
160        <!-- Subscription Activity -->
161        <activity
161-->src/main/AndroidManifest.xml:111:9-113:40
162            android:name="com.tradeagently.act_app.SubscriptionActivity"
162-->src/main/AndroidManifest.xml:112:13-49
163            android:exported="false" /> <!-- Internal activity -->
163-->src/main/AndroidManifest.xml:113:13-37
164
165        <service
165-->[com.google.firebase:firebase-auth-ktx:22.1.1] AndroidManifest.xml:8:9-14:19
166            android:name="com.google.firebase.components.ComponentDiscoveryService"
166-->[com.google.firebase:firebase-auth-ktx:22.1.1] AndroidManifest.xml:9:13-84
167            android:directBootAware="true"
167-->[com.google.firebase:firebase-common:21.0.0] AndroidManifest.xml:32:13-43
168            android:exported="false" >
168-->[com.google.firebase:firebase-auth-ktx:22.1.1] AndroidManifest.xml:10:13-37
169            <meta-data
169-->[com.google.firebase:firebase-auth-ktx:22.1.1] AndroidManifest.xml:11:13-13:85
170                android:name="com.google.firebase.components:com.google.firebase.auth.ktx.FirebaseAuthKtxRegistrar"
170-->[com.google.firebase:firebase-auth-ktx:22.1.1] AndroidManifest.xml:12:17-116
171                android:value="com.google.firebase.components.ComponentRegistrar" />
171-->[com.google.firebase:firebase-auth-ktx:22.1.1] AndroidManifest.xml:13:17-82
172            <meta-data
172-->[com.google.firebase:firebase-common-ktx:21.0.0] AndroidManifest.xml:12:13-14:85
173                android:name="com.google.firebase.components:com.google.firebase.ktx.FirebaseCommonLegacyRegistrar"
173-->[com.google.firebase:firebase-common-ktx:21.0.0] AndroidManifest.xml:13:17-116
174                android:value="com.google.firebase.components.ComponentRegistrar" />
174-->[com.google.firebase:firebase-common-ktx:21.0.0] AndroidManifest.xml:14:17-82
175            <meta-data
175-->[com.google.firebase:firebase-auth:22.1.1] AndroidManifest.xml:69:13-71:85
176                android:name="com.google.firebase.components:com.google.firebase.auth.FirebaseAuthRegistrar"
176-->[com.google.firebase:firebase-auth:22.1.1] AndroidManifest.xml:70:17-109
177                android:value="com.google.firebase.components.ComponentRegistrar" />
177-->[com.google.firebase:firebase-auth:22.1.1] AndroidManifest.xml:71:17-82
178            <meta-data
178-->[com.google.firebase:firebase-common:21.0.0] AndroidManifest.xml:35:13-37:85
179                android:name="com.google.firebase.components:com.google.firebase.FirebaseCommonKtxRegistrar"
179-->[com.google.firebase:firebase-common:21.0.0] AndroidManifest.xml:36:17-109
180                android:value="com.google.firebase.components.ComponentRegistrar" />
180-->[com.google.firebase:firebase-common:21.0.0] AndroidManifest.xml:37:17-82
181        </service>
182
183        <activity
183-->[com.stripe:paymentsheet:21.2.0] AndroidManifest.xml:8:9-11:69
184            android:name="com.stripe.android.paymentsheet.PaymentSheetActivity"
184-->[com.stripe:paymentsheet:21.2.0] AndroidManifest.xml:9:13-80
185            android:exported="false"
185-->[com.stripe:paymentsheet:21.2.0] AndroidManifest.xml:10:13-37
186            android:theme="@style/StripePaymentSheetDefaultTheme" />
186-->[com.stripe:paymentsheet:21.2.0] AndroidManifest.xml:11:13-66
187        <activity
187-->[com.stripe:paymentsheet:21.2.0] AndroidManifest.xml:12:9-15:69
188            android:name="com.stripe.android.paymentsheet.PaymentOptionsActivity"
188-->[com.stripe:paymentsheet:21.2.0] AndroidManifest.xml:13:13-82
189            android:exported="false"
189-->[com.stripe:paymentsheet:21.2.0] AndroidManifest.xml:14:13-37
190            android:theme="@style/StripePaymentSheetDefaultTheme" />
190-->[com.stripe:paymentsheet:21.2.0] AndroidManifest.xml:15:13-66
191        <activity
191-->[com.stripe:paymentsheet:21.2.0] AndroidManifest.xml:16:9-19:69
192            android:name="com.stripe.android.customersheet.CustomerSheetActivity"
192-->[com.stripe:paymentsheet:21.2.0] AndroidManifest.xml:17:13-82
193            android:exported="false"
193-->[com.stripe:paymentsheet:21.2.0] AndroidManifest.xml:18:13-37
194            android:theme="@style/StripePaymentSheetDefaultTheme" />
194-->[com.stripe:paymentsheet:21.2.0] AndroidManifest.xml:19:13-66
195        <activity
195-->[com.stripe:paymentsheet:21.2.0] AndroidManifest.xml:20:9-23:69
196            android:name="com.stripe.android.paymentsheet.addresselement.AddressElementActivity"
196-->[com.stripe:paymentsheet:21.2.0] AndroidManifest.xml:21:13-97
197            android:exported="false"
197-->[com.stripe:paymentsheet:21.2.0] AndroidManifest.xml:22:13-37
198            android:theme="@style/StripePaymentSheetDefaultTheme" />
198-->[com.stripe:paymentsheet:21.2.0] AndroidManifest.xml:23:13-66
199        <activity
199-->[com.stripe:paymentsheet:21.2.0] AndroidManifest.xml:24:9-27:69
200            android:name="com.stripe.android.paymentsheet.paymentdatacollection.bacs.BacsMandateConfirmationActivity"
200-->[com.stripe:paymentsheet:21.2.0] AndroidManifest.xml:25:13-118
201            android:exported="false"
201-->[com.stripe:paymentsheet:21.2.0] AndroidManifest.xml:26:13-37
202            android:theme="@style/StripePaymentSheetDefaultTheme" />
202-->[com.stripe:paymentsheet:21.2.0] AndroidManifest.xml:27:13-66
203        <activity
203-->[com.stripe:paymentsheet:21.2.0] AndroidManifest.xml:28:9-31:69
204            android:name="com.stripe.android.paymentsheet.paymentdatacollection.polling.PollingActivity"
204-->[com.stripe:paymentsheet:21.2.0] AndroidManifest.xml:29:13-105
205            android:exported="false"
205-->[com.stripe:paymentsheet:21.2.0] AndroidManifest.xml:30:13-37
206            android:theme="@style/StripePaymentSheetDefaultTheme" />
206-->[com.stripe:paymentsheet:21.2.0] AndroidManifest.xml:31:13-66
207        <activity
207-->[com.stripe:paymentsheet:21.2.0] AndroidManifest.xml:32:9-35:69
208            android:name="com.stripe.android.paymentsheet.ui.SepaMandateActivity"
208-->[com.stripe:paymentsheet:21.2.0] AndroidManifest.xml:33:13-82
209            android:exported="false"
209-->[com.stripe:paymentsheet:21.2.0] AndroidManifest.xml:34:13-37
210            android:theme="@style/StripePaymentSheetDefaultTheme" />
210-->[com.stripe:paymentsheet:21.2.0] AndroidManifest.xml:35:13-66
211        <activity
211-->[com.stripe:paymentsheet:21.2.0] AndroidManifest.xml:36:9-39:68
212            android:name="com.stripe.android.paymentsheet.ExternalPaymentMethodProxyActivity"
212-->[com.stripe:paymentsheet:21.2.0] AndroidManifest.xml:37:13-94
213            android:exported="false"
213-->[com.stripe:paymentsheet:21.2.0] AndroidManifest.xml:38:13-37
214            android:theme="@style/StripePayLauncherDefaultTheme" />
214-->[com.stripe:paymentsheet:21.2.0] AndroidManifest.xml:39:13-65
215        <activity
215-->[com.stripe:paymentsheet:21.2.0] AndroidManifest.xml:40:9-42:69
216            android:name="com.stripe.android.paymentsheet.paymentdatacollection.cvcrecollection.CvcRecollectionActivity"
216-->[com.stripe:paymentsheet:21.2.0] AndroidManifest.xml:41:13-121
217            android:theme="@style/StripePaymentSheetDefaultTheme" />
217-->[com.stripe:paymentsheet:21.2.0] AndroidManifest.xml:42:13-66
218        <activity
218-->[com.stripe:link:21.2.0] AndroidManifest.xml:8:9-15:58
219            android:name="com.stripe.android.link.LinkActivity"
219-->[com.stripe:link:21.2.0] AndroidManifest.xml:9:13-64
220            android:autoRemoveFromRecents="true"
220-->[com.stripe:link:21.2.0] AndroidManifest.xml:10:13-49
221            android:configChanges="orientation|keyboard|keyboardHidden|screenLayout|screenSize|smallestScreenSize"
221-->[com.stripe:link:21.2.0] AndroidManifest.xml:11:13-115
222            android:exported="false"
222-->[com.stripe:link:21.2.0] AndroidManifest.xml:12:13-37
223            android:label="@string/stripe_link"
223-->[com.stripe:link:21.2.0] AndroidManifest.xml:13:13-48
224            android:theme="@style/StripeLinkBaseTheme"
224-->[com.stripe:link:21.2.0] AndroidManifest.xml:14:13-55
225            android:windowSoftInputMode="adjustResize" />
225-->[com.stripe:link:21.2.0] AndroidManifest.xml:15:13-55
226        <activity
226-->[com.stripe:link:21.2.0] AndroidManifest.xml:16:9-21:61
227            android:name="com.stripe.android.link.LinkForegroundActivity"
227-->[com.stripe:link:21.2.0] AndroidManifest.xml:17:13-74
228            android:autoRemoveFromRecents="true"
228-->[com.stripe:link:21.2.0] AndroidManifest.xml:18:13-49
229            android:configChanges="orientation|keyboard|keyboardHidden|screenLayout|screenSize|smallestScreenSize"
229-->[com.stripe:link:21.2.0] AndroidManifest.xml:19:13-115
230            android:launchMode="singleTop"
230-->[com.stripe:link:21.2.0] AndroidManifest.xml:20:13-43
231            android:theme="@style/StripeTransparentTheme" />
231-->[com.stripe:link:21.2.0] AndroidManifest.xml:21:13-58
232        <activity
232-->[com.stripe:link:21.2.0] AndroidManifest.xml:22:9-39:20
233            android:name="com.stripe.android.link.LinkRedirectHandlerActivity"
233-->[com.stripe:link:21.2.0] AndroidManifest.xml:23:13-79
234            android:autoRemoveFromRecents="true"
234-->[com.stripe:link:21.2.0] AndroidManifest.xml:24:13-49
235            android:exported="true"
235-->[com.stripe:link:21.2.0] AndroidManifest.xml:25:13-36
236            android:launchMode="singleInstance"
236-->[com.stripe:link:21.2.0] AndroidManifest.xml:26:13-48
237            android:theme="@style/StripeTransparentTheme" >
237-->[com.stripe:link:21.2.0] AndroidManifest.xml:27:13-58
238            <intent-filter>
238-->[com.stripe:link:21.2.0] AndroidManifest.xml:28:13-38:29
239                <action android:name="android.intent.action.VIEW" />
239-->[com.stripe:link:21.2.0] AndroidManifest.xml:29:17-69
239-->[com.stripe:link:21.2.0] AndroidManifest.xml:29:25-66
240
241                <category android:name="android.intent.category.DEFAULT" />
241-->[com.stripe:link:21.2.0] AndroidManifest.xml:31:17-76
241-->[com.stripe:link:21.2.0] AndroidManifest.xml:31:27-73
242                <category android:name="android.intent.category.BROWSABLE" />
242-->[com.stripe:link:21.2.0] AndroidManifest.xml:32:17-78
242-->[com.stripe:link:21.2.0] AndroidManifest.xml:32:27-75
243
244                <data
244-->[com.stripe:link:21.2.0] AndroidManifest.xml:34:17-37:51
245                    android:host="complete"
245-->[com.stripe:link:21.2.0] AndroidManifest.xml:35:21-44
246                    android:path="/com.tradeagently.act_app"
246-->[com.stripe:link:21.2.0] AndroidManifest.xml:36:21-53
247                    android:scheme="link-popup" />
247-->[com.stripe:link:21.2.0] AndroidManifest.xml:37:21-48
248            </intent-filter>
249        </activity>
250        <activity
250-->[com.stripe:payments-ui-core:21.2.0] AndroidManifest.xml:8:9-11:69
251            android:name="com.stripe.android.ui.core.cardscan.CardScanActivity"
251-->[com.stripe:payments-ui-core:21.2.0] AndroidManifest.xml:9:13-80
252            android:exported="false"
252-->[com.stripe:payments-ui-core:21.2.0] AndroidManifest.xml:10:13-37
253            android:theme="@style/StripePaymentSheetDefaultTheme" />
253-->[com.stripe:payments-ui-core:21.2.0] AndroidManifest.xml:11:13-66
254        <activity
254-->[com.stripe:payments-core:21.2.0] AndroidManifest.xml:15:9-18:57
255            android:name="com.stripe.android.view.PaymentAuthWebViewActivity"
255-->[com.stripe:payments-core:21.2.0] AndroidManifest.xml:16:13-78
256            android:exported="false"
256-->[com.stripe:payments-core:21.2.0] AndroidManifest.xml:17:13-37
257            android:theme="@style/StripeDefaultTheme" />
257-->[com.stripe:payments-core:21.2.0] AndroidManifest.xml:18:13-54
258        <activity
258-->[com.stripe:payments-core:21.2.0] AndroidManifest.xml:19:9-22:61
259            android:name="com.stripe.android.view.PaymentRelayActivity"
259-->[com.stripe:payments-core:21.2.0] AndroidManifest.xml:20:13-72
260            android:exported="false"
260-->[com.stripe:payments-core:21.2.0] AndroidManifest.xml:21:13-37
261            android:theme="@style/StripeTransparentTheme" />
261-->[com.stripe:payments-core:21.2.0] AndroidManifest.xml:22:13-58
262        <!--
263        Set android:launchMode="singleTop" so that the StripeBrowserLauncherActivity instance that
264        launched the browser Activity will also handle the return URL deep link.
265        -->
266        <activity
266-->[com.stripe:payments-core:21.2.0] AndroidManifest.xml:28:9-32:61
267            android:name="com.stripe.android.payments.StripeBrowserLauncherActivity"
267-->[com.stripe:payments-core:21.2.0] AndroidManifest.xml:29:13-85
268            android:exported="false"
268-->[com.stripe:payments-core:21.2.0] AndroidManifest.xml:30:13-37
269            android:launchMode="singleTask"
269-->[com.stripe:payments-core:21.2.0] AndroidManifest.xml:31:13-44
270            android:theme="@style/StripeTransparentTheme" />
270-->[com.stripe:payments-core:21.2.0] AndroidManifest.xml:32:13-58
271        <activity
271-->[com.stripe:payments-core:21.2.0] AndroidManifest.xml:33:9-50:20
272            android:name="com.stripe.android.payments.StripeBrowserProxyReturnActivity"
272-->[com.stripe:payments-core:21.2.0] AndroidManifest.xml:34:13-88
273            android:exported="true"
273-->[com.stripe:payments-core:21.2.0] AndroidManifest.xml:35:13-36
274            android:launchMode="singleTask"
274-->[com.stripe:payments-core:21.2.0] AndroidManifest.xml:36:13-44
275            android:theme="@style/StripeTransparentTheme" >
275-->[com.stripe:payments-core:21.2.0] AndroidManifest.xml:37:13-58
276            <intent-filter>
276-->[com.stripe:payments-core:21.2.0] AndroidManifest.xml:38:13-49:29
277                <action android:name="android.intent.action.VIEW" />
277-->[com.stripe:link:21.2.0] AndroidManifest.xml:29:17-69
277-->[com.stripe:link:21.2.0] AndroidManifest.xml:29:25-66
278
279                <category android:name="android.intent.category.DEFAULT" />
279-->[com.stripe:link:21.2.0] AndroidManifest.xml:31:17-76
279-->[com.stripe:link:21.2.0] AndroidManifest.xml:31:27-73
280                <category android:name="android.intent.category.BROWSABLE" />
280-->[com.stripe:link:21.2.0] AndroidManifest.xml:32:17-78
280-->[com.stripe:link:21.2.0] AndroidManifest.xml:32:27-75
281
282                <!-- Must match `DefaultReturnUrl#value`. -->
283                <data
283-->[com.stripe:link:21.2.0] AndroidManifest.xml:34:17-37:51
284                    android:host="payment_return_url"
284-->[com.stripe:link:21.2.0] AndroidManifest.xml:35:21-44
285                    android:path="/com.tradeagently.act_app"
285-->[com.stripe:link:21.2.0] AndroidManifest.xml:36:21-53
286                    android:scheme="stripesdk" />
286-->[com.stripe:link:21.2.0] AndroidManifest.xml:37:21-48
287            </intent-filter>
288        </activity>
289        <activity
289-->[com.stripe:payments-core:21.2.0] AndroidManifest.xml:51:9-54:57
290            android:name="com.stripe.android.payments.core.authentication.threeds2.Stripe3ds2TransactionActivity"
290-->[com.stripe:payments-core:21.2.0] AndroidManifest.xml:52:13-114
291            android:exported="false"
291-->[com.stripe:payments-core:21.2.0] AndroidManifest.xml:53:13-37
292            android:theme="@style/StripeDefaultTheme" />
292-->[com.stripe:payments-core:21.2.0] AndroidManifest.xml:54:13-54
293        <activity
293-->[com.stripe:payments-core:21.2.0] AndroidManifest.xml:55:9-58:66
294            android:name="com.stripe.android.googlepaylauncher.GooglePayLauncherActivity"
294-->[com.stripe:payments-core:21.2.0] AndroidManifest.xml:56:13-90
295            android:exported="false"
295-->[com.stripe:payments-core:21.2.0] AndroidManifest.xml:57:13-37
296            android:theme="@style/StripeGooglePayDefaultTheme" />
296-->[com.stripe:payments-core:21.2.0] AndroidManifest.xml:58:13-63
297        <activity
297-->[com.stripe:payments-core:21.2.0] AndroidManifest.xml:59:9-62:66
298            android:name="com.stripe.android.googlepaylauncher.GooglePayPaymentMethodLauncherActivity"
298-->[com.stripe:payments-core:21.2.0] AndroidManifest.xml:60:13-103
299            android:exported="false"
299-->[com.stripe:payments-core:21.2.0] AndroidManifest.xml:61:13-37
300            android:theme="@style/StripeGooglePayDefaultTheme" />
300-->[com.stripe:payments-core:21.2.0] AndroidManifest.xml:62:13-63
301        <activity
301-->[com.stripe:payments-core:21.2.0] AndroidManifest.xml:63:9-66:68
302            android:name="com.stripe.android.payments.paymentlauncher.PaymentLauncherConfirmationActivity"
302-->[com.stripe:payments-core:21.2.0] AndroidManifest.xml:64:13-107
303            android:exported="false"
303-->[com.stripe:payments-core:21.2.0] AndroidManifest.xml:65:13-37
304            android:theme="@style/StripePayLauncherDefaultTheme" />
304-->[com.stripe:payments-core:21.2.0] AndroidManifest.xml:66:13-65
305        <activity
305-->[com.stripe:payments-core:21.2.0] AndroidManifest.xml:67:9-70:61
306            android:name="com.stripe.android.payments.bankaccount.ui.CollectBankAccountActivity"
306-->[com.stripe:payments-core:21.2.0] AndroidManifest.xml:68:13-97
307            android:exported="false"
307-->[com.stripe:payments-core:21.2.0] AndroidManifest.xml:69:13-37
308            android:theme="@style/StripeTransparentTheme" />
308-->[com.stripe:payments-core:21.2.0] AndroidManifest.xml:70:13-58
309        <activity
309-->[com.stripe:stripe-3ds2-android:6.2.0] AndroidManifest.xml:8:9-11:54
310            android:name="com.stripe.android.stripe3ds2.views.ChallengeActivity"
310-->[com.stripe:stripe-3ds2-android:6.2.0] AndroidManifest.xml:9:13-81
311            android:exported="false"
311-->[com.stripe:stripe-3ds2-android:6.2.0] AndroidManifest.xml:10:13-37
312            android:theme="@style/Stripe3DS2Theme" />
312-->[com.stripe:stripe-3ds2-android:6.2.0] AndroidManifest.xml:11:13-51
313        <activity
313-->[com.google.android.gms:play-services-auth:20.6.0] AndroidManifest.xml:23:9-27:75
314            android:name="com.google.android.gms.auth.api.signin.internal.SignInHubActivity"
314-->[com.google.android.gms:play-services-auth:20.6.0] AndroidManifest.xml:24:13-93
315            android:excludeFromRecents="true"
315-->[com.google.android.gms:play-services-auth:20.6.0] AndroidManifest.xml:25:13-46
316            android:exported="false"
316-->[com.google.android.gms:play-services-auth:20.6.0] AndroidManifest.xml:26:13-37
317            android:theme="@android:style/Theme.Translucent.NoTitleBar" />
317-->[com.google.android.gms:play-services-auth:20.6.0] AndroidManifest.xml:27:13-72
318        <!--
319            Service handling Google Sign-In user revocation. For apps that do not integrate with
320            Google Sign-In, this service will never be started.
321        -->
322        <service
322-->[com.google.android.gms:play-services-auth:20.6.0] AndroidManifest.xml:33:9-37:51
323            android:name="com.google.android.gms.auth.api.signin.RevocationBoundService"
323-->[com.google.android.gms:play-services-auth:20.6.0] AndroidManifest.xml:34:13-89
324            android:exported="true"
324-->[com.google.android.gms:play-services-auth:20.6.0] AndroidManifest.xml:35:13-36
325            android:permission="com.google.android.gms.auth.api.signin.permission.REVOCATION_NOTIFICATION"
325-->[com.google.android.gms:play-services-auth:20.6.0] AndroidManifest.xml:36:13-107
326            android:visibleToInstantApps="true" />
326-->[com.google.android.gms:play-services-auth:20.6.0] AndroidManifest.xml:37:13-48
327
328        <activity
328-->[com.google.firebase:firebase-auth:22.1.1] AndroidManifest.xml:29:9-46:20
329            android:name="com.google.firebase.auth.internal.GenericIdpActivity"
329-->[com.google.firebase:firebase-auth:22.1.1] AndroidManifest.xml:30:13-80
330            android:excludeFromRecents="true"